2026-05-07 15:27:47 INFO  TC_001_AccountRegistration:15 - ***** Starting TC_001_AccountRegistrationt****** 
2026-05-07 15:27:47 INFO  TC_001_AccountRegistration:22 - Clicked on MyAccount Link
2026-05-07 15:27:48 INFO  TC_001_AccountRegistration:24 - Clicked on Register Link
2026-05-07 15:27:48 INFO  TC_001_AccountRegistration:28 - Providing customer details....
2026-05-07 15:27:51 INFO  TC_001_AccountRegistration:42 - valitaing expected message....
2026-05-07 15:27:52 INFO  TC_001_AccountRegistration:46 - Test Passed ...
2026-05-07 15:27:52 INFO  TC_001_AccountRegistration:53 - ***** Finished TC001_AccountRegistrationTest *****
2026-05-07 15:50:12 INFO  TC_001_AccountRegistration:15 - ***** Starting TC_001_AccountRegistrationt****** 
2026-05-07 15:50:12 INFO  TC_001_AccountRegistration:22 - Clicked on MyAccount Link
2026-05-07 15:50:13 INFO  TC_001_AccountRegistration:24 - Clicked on Register Link
2026-05-07 15:50:13 INFO  TC_001_AccountRegistration:28 - Providing customer details....
2026-05-07 15:50:25 INFO  TC_001_AccountRegistration:42 - valitaing expected message....
2026-05-07 15:50:25 INFO  TC_001_AccountRegistration:46 - Test Passed ...
2026-05-07 15:50:25 INFO  TC_001_AccountRegistration:53 - ***** Finished TC001_AccountRegistrationTest *****
2026-05-07 15:51:35 INFO  TC_001_AccountRegistration:15 - ***** Starting TC_001_AccountRegistrationt****** 
2026-05-07 15:51:35 INFO  TC_001_AccountRegistration:22 - Clicked on MyAccount Link
2026-05-07 15:51:36 INFO  TC_001_AccountRegistration:24 - Clicked on Register Link
2026-05-07 15:51:36 INFO  TC_001_AccountRegistration:28 - Providing customer details....
2026-05-07 15:51:39 INFO  TC_001_AccountRegistration:42 - valitaing expected message....
2026-05-07 15:51:39 INFO  TC_001_AccountRegistration:46 - Test Passed ...
2026-05-07 15:51:39 INFO  TC_001_AccountRegistration:53 - ***** Finished TC001_AccountRegistrationTest *****
2026-05-07 16:00:57 INFO  TC_001_AccountRegistration:15 - ***** Starting TC_001_AccountRegistrationt****** 
2026-05-07 16:00:57 INFO  TC_001_AccountRegistration:22 - Clicked on MyAccount Link
2026-05-07 16:00:58 INFO  TC_001_AccountRegistration:24 - Clicked on Register Link
2026-05-07 16:00:58 INFO  TC_001_AccountRegistration:28 - Providing customer details....
2026-05-07 16:01:02 INFO  TC_001_AccountRegistration:42 - valitaing expected message....
2026-05-07 16:01:03 INFO  TC_001_AccountRegistration:46 - Test Passed ...
2026-05-07 16:01:03 INFO  TC_001_AccountRegistration:53 - ***** Finished TC001_AccountRegistrationTest *****
2026-05-07 16:04:15 INFO  TC_001_AccountRegistration:15 - ***** Starting TC_001_AccountRegistrationt****** 
2026-05-07 16:04:15 INFO  TC_001_AccountRegistration:22 - Clicked on MyAccount Link
2026-05-07 16:04:16 INFO  TC_001_AccountRegistration:24 - Clicked on Register Link
2026-05-07 16:04:16 INFO  TC_001_AccountRegistration:28 - Providing customer details....
2026-05-07 16:04:20 INFO  TC_001_AccountRegistration:42 - valitaing expected message....
2026-05-07 16:04:20 INFO  TC_001_AccountRegistration:46 - Test Passed ...
2026-05-07 16:04:20 INFO  TC_001_AccountRegistration:53 - ***** Finished TC001_AccountRegistrationTest *****
